Flutter crash report.
Please report a bug at https://github.com/flutter/flutter/issues.

## command

flutter run

## exception

PathAccessException: PathAccessException: Deletion failed, path = 'C:\Users\LENOVO~1\AppData\Local\Temp\flutter_tools.ecd61f66\flutter_tool.fb8d016e' (OS Error: The process cannot access the file because it is being used by another process, errno = 32)

```
#0      _Directory._deleteSync (dart:io/directory_impl.dart:216:7)
#1      FileSystemEntity.deleteSync (dart:io/file_system_entity.dart:425:7)
#2      ForwardingFileSystemEntity.deleteSync (package:file/src/forwarding/forwarding_file_system_entity.dart:70:16)
#3      ErrorHandlingDirectory.deleteSync.<anonymous closure> (package:flutter_tools/src/base/error_handling_io.dart:451:22)
#4      _runSync (package:flutter_tools/src/base/error_handling_io.dart:552:14)
#5      ErrorHandlingDirectory.deleteSync (package:flutter_tools/src/base/error_handling_io.dart:450:12)
#6      ResidentRunner.preExit (package:flutter_tools/src/resident_runner.dart:1435:25)
#7      ResidentRunner.exit (package:flutter_tools/src/resident_runner.dart:1278:11)
<asynchronous suspension>
#8      TerminalHandler._commonTerminalInputHandler (package:flutter_tools/src/resident_runner.dart:1830:9)
<asynchronous suspension>
#9      TerminalHandler.processTerminalInput (package:flutter_tools/src/resident_runner.dart:1906:7)
<asynchronous suspension>
```

## flutter doctor

```
[32m[✓][39m Flutter (Channel stable, 3.41.6, on Microsoft Windows [Version
    10.0.26100.7840], locale en-US) [1,400ms]
    [32m•[39m Flutter version 3.41.6 on channel stable at C:\Android\flutter
    [32m•[39m Upstream repository https://github.com/flutter/flutter.git
    [32m•[39m Framework revision db50e20168 (7 weeks ago), 2026-03-25 16:21:00 -0700
    [32m•[39m Engine revision 425cfb54d0
    [32m•[39m Dart version 3.11.4
    [32m•[39m DevTools version 2.54.2
    [32m•[39m Feature flags: enable-web, enable-linux-desktop, enable-macos-desktop,
      enable-windows-desktop, enable-android, enable-ios, cli-animations,
      enable-native-assets, omit-legacy-version-file, enable-lldb-debugging,
      enable-uiscene-migration

[32m[✓][39m Windows Version (Windows 11 or higher, 24H2, 2009) [22.6s]

[32m[✓][39m Android toolchain - develop for Android devices (Android SDK version
    30.0.0) [41.8s]
    [32m•[39m Android SDK at C:\Android\sdk
    [32m•[39m Emulator version unknown
    [32m•[39m Platform android-36, build-tools 30.0.0
    [32m•[39m ANDROID_HOME = C:\Android
    [32m•[39m Java binary at: C:\Program
      Files\Microsoft\jdk-21.0.8.9-hotspot\bin\java
      This JDK is specified by the JAVA_HOME environment variable.
      To manually set the JDK path, use: `flutter config
      --jdk-dir="path/to/jdk"`.
    [32m•[39m Java version OpenJDK Runtime Environment Microsoft-11933218 (build
      21.0.8+9-LTS)
    [32m•[39m All Android licenses accepted.

[32m[✓][39m Chrome - develop for the web [904ms]
    [32m•[39m Chrome at C:\Program Files\Google\Chrome\Application\chrome.exe

[31m[✗][39m Visual Studio - develop Windows apps [903ms]
    [31m✗[39m Visual Studio not installed; this is necessary to develop Windows apps.
      Download at https://visualstudio.microsoft.com/downloads/.
      Please install the "Desktop development with C++" workload, including
      all of its default components

[32m[✓][39m Connected device (3 available) [814ms]
    [32m•[39m Windows (desktop) • windows • windows-x64    • Microsoft Windows
      [Version 10.0.26100.7840]
    [32m•[39m Chrome (web)      • chrome  • web-javascript • Google Chrome
      139.0.7258.66
    [32m•[39m Edge (web)        • edge    • web-javascript • Microsoft Edge
      148.0.3967.54

[32m[✓][39m Network resources [785ms]
    [32m•[39m All expected network resources are available.

[33m![39m Doctor found issues in 1 category.
```
